[2026-04-05 01:36:16,634][flwr][INFO] - Starting Flower simulation, config: ServerConfig(num_rounds=3, round_timeout=None)
[2026-04-05 01:36:18,699][flwr][INFO] - Flower VCE: Ray initialized with resources: {'memory': 3284513588.0, 'node:127.0.0.1': 1.0, 'CPU': 2.0, 'object_store_memory': 1642256793.0}
[2026-04-05 01:36:18,700][flwr][INFO] - Initializing global parameters
[2026-04-05 01:36:18,700][flwr][INFO] - Requesting initial parameters from one random client
[2026-04-05 01:36:21,276][flwr][INFO] - Received initial parameters from one random client
[2026-04-05 01:36:21,277][flwr][INFO] - Evaluating initial parameters
[2026-04-05 01:36:23,517][flwr][INFO] - initial parameters (loss, other metrics): 181.96752953529358, {'accuracy': 0.1081}
[2026-04-05 01:36:23,519][flwr][INFO] - FL starting
[2026-04-05 01:36:23,520][flwr][DEBUG] - fit_round 1: strategy sampled 5 clients (out of 30)
[2026-04-05 01:36:28,083][flwr][DEBUG] - fit_round 1 received 5 results and 0 failures
[2026-04-05 01:36:28,093][flwr][WARNING] - No fit_metrics_aggregation_fn provided
[2026-04-05 01:36:30,388][flwr][INFO] - fit progress: (1, 180.96971368789673, {'accuracy': 0.2363}, 6.8687322)
[2026-04-05 01:36:30,389][flwr][DEBUG] - evaluate_round 1: strategy sampled 1 clients (out of 30)
[2026-04-05 01:36:30,527][flwr][DEBUG] - evaluate_round 1 received 1 results and 0 failures
[2026-04-05 01:36:30,528][flwr][WARNING] - No evaluate_metrics_aggregation_fn provided
[2026-04-05 01:36:30,529][flwr][DEBUG] - fit_round 2: strategy sampled 5 clients (out of 30)
[2026-04-05 01:36:35,000][flwr][DEBUG] - fit_round 2 received 5 results and 0 failures
[2026-04-05 01:36:37,245][flwr][INFO] - fit progress: (2, 172.36521863937378, {'accuracy': 0.2089}, 13.726005100000002)
[2026-04-05 01:36:37,245][flwr][DEBUG] - evaluate_round 2: strategy sampled 1 clients (out of 30)
[2026-04-05 01:36:37,381][flwr][DEBUG] - evaluate_round 2 received 1 results and 0 failures
[2026-04-05 01:36:37,381][flwr][DEBUG] - fit_round 3: strategy sampled 5 clients (out of 30)
[2026-04-05 01:36:41,954][flwr][DEBUG] - fit_round 3 received 5 results and 0 failures
[2026-04-05 01:36:44,303][flwr][INFO] - fit progress: (3, 182.80186009407043, {'accuracy': 0.412}, 20.784322500000002)
[2026-04-05 01:36:44,304][flwr][DEBUG] - evaluate_round 3: strategy sampled 1 clients (out of 30)
[2026-04-05 01:36:44,445][flwr][DEBUG] - evaluate_round 3 received 1 results and 0 failures
[2026-04-05 01:36:44,445][flwr][INFO] - FL finished in 20.9262028
[2026-04-05 01:36:44,446][flwr][INFO] - app_fit: losses_distributed [(1, 20.458973288536072), (2, 18.0337872505188), (3, 4.2481434643268585)]
[2026-04-05 01:36:44,446][flwr][INFO] - app_fit: metrics_distributed_fit {}
[2026-04-05 01:36:44,446][flwr][INFO] - app_fit: metrics_distributed {}
[2026-04-05 01:36:44,447][flwr][INFO] - app_fit: losses_centralized [(0, 181.96752953529358), (1, 180.96971368789673), (2, 172.36521863937378), (3, 182.80186009407043)]
[2026-04-05 01:36:44,447][flwr][INFO] - app_fit: metrics_centralized {'accuracy': [(0, 0.1081), (1, 0.2363), (2, 0.2089), (3, 0.412)]}
